# Changelog - HiTechy Website

## [Unreleased]
 - N/A

## 1.0.0 - 2023-01-28
### Added
- change.log File with transparent version tracking.
- .htaccess File with Headers, Rewrites, Security, & Performance modules.
- index.html & error.html File with metadata & content.
- Licensed SVG images along with any generated external JPEG & PNG.
- style.css with Base, RWD, Animate, Modes, Print, A11y & Quirks sheets.
- Geomanist Typeface for HiTechy brand (x1 license per site).
- humans.txt File with Website creation credits.
- security.txt File with contact information.
- robots.txt File with integrated sitemap link.
- favicon.ico File with PNG's for iOS, Android, etc.
- site.webmanifest File & browserconfig.xml for PWA's.
- vcard.vcf File with Contact information for clients.
- sitemap.xml File with page listings and IA for site.
- script.js File with Service Worker & linted, minified JavaScript.

## [Guide]
- Added: New features.
- Changed: Altered functionality.
- Deprecated: Disappearing features.
- Removed: Eliminated features.
- Fixed: Bugs patched.
- Security: Solved vulnerabilities.